2024-01-09 17:12:23 [scrapy.utils.log] INFO: Scrapy 2.11.0 started (bot: python_scrapy)
2024-01-09 17:12:23 [scrapy.utils.log] INFO: Versions: lxml 5.0.1.0, libxml2 2.12.3, cssselect 1.2.0, parsel 1.8.1, w3lib 2.1.2, Twisted 22.10.0, Python 3.9.6 (default, May  7 2023, 23:32:45) - [Clang 14.0.3 (clang-1403.0.22.14.1)], pyOpenSSL 23.3.0 (OpenSSL 3.1.4 24 Oct 2023), cryptography 41.0.7, Platform macOS-13.0-x86_64-i386-64bit
2024-01-09 17:12:23 [scrapy.addons] INFO: Enabled addons:
[]
2024-01-09 17:12:23 [scrapy.extensions.telnet] INFO: Telnet Password: d00e70f1510907a9
2024-01-09 17:12:23 [py.warnings] WARNING: /Users/weiyang/Desktop/project/python_scrapy/venv/lib/python3.9/site-packages/scrapy/extensions/feedexport.py:406: ScrapyDeprecationWarning: The `FEED_URI` and `FEED_FORMAT` settings have been deprecated in favor of the `FEEDS` setting. Please see the `FEEDS` setting docs for more details
  exporter = cls(crawler)

2024-01-09 17:12:23 [scrapy.middleware] INFO: Enabled extensions:
['scrapy.extensions.corestats.CoreStats',
 'scrapy.extensions.telnet.TelnetConsole',
 'scrapy.extensions.memusage.MemoryUsage',
 'scrapy.extensions.feedexport.FeedExporter',
 'scrapy.extensions.logstats.LogStats']
2024-01-09 17:12:23 [scrapy.crawler] INFO: Overridden settings:
{'BOT_NAME': 'python_scrapy',
 'FEED_EXPORT_ENCODING': 'utf-8',
 'LOG_FILE': 'scrapy.log',
 'LOG_LEVEL': 'INFO',
 'NEWSPIDER_MODULE': 'python_scrapy.spiders',
 'REQUEST_FINGERPRINTER_IMPLEMENTATION': '2.7',
 'ROBOTSTXT_OBEY': True,
 'SPIDER_MODULES': ['python_scrapy.spiders'],
 'TWISTED_REACTOR': 'twisted.internet.asyncioreactor.AsyncioSelectorReactor'}
2024-01-09 17:12:23 [py.warnings] WARNING: /Users/weiyang/Desktop/project/python_scrapy/venv/lib/python3.9/site-packages/urllib3/__init__.py:34: NotOpenSSLWarning: urllib3 v2 only supports OpenSSL 1.1.1+, currently the 'ssl' module is compiled with 'LibreSSL 2.8.3'. See: https://github.com/urllib3/urllib3/issues/3020
  warnings.warn(

2024-01-09 17:12:24 [scrapy.middleware] INFO: Enabled downloader middlewares:
['scrapy.downloadermiddlewares.robotstxt.RobotsTxtMiddleware',
 'scrapy.downloadermiddlewares.httpauth.HttpAuthMiddleware',
 'scrapy.downloadermiddlewares.downloadtimeout.DownloadTimeoutMiddleware',
 'scrapy.downloadermiddlewares.defaultheaders.DefaultHeadersMiddleware',
 'scrapy.downloadermiddlewares.useragent.UserAgentMiddleware',
 'scrapy.downloadermiddlewares.retry.RetryMiddleware',
 'scrapy.downloadermiddlewares.redirect.MetaRefreshMiddleware',
 'scrapy.downloadermiddlewares.httpcompression.HttpCompressionMiddleware',
 'scrapy.downloadermiddlewares.redirect.RedirectMiddleware',
 'scrapy.downloadermiddlewares.cookies.CookiesMiddleware',
 'scrapy.downloadermiddlewares.httpproxy.HttpProxyMiddleware',
 'scrapy.downloadermiddlewares.stats.DownloaderStats']
2024-01-09 17:12:24 [scrapy.middleware] INFO: Enabled spider middlewares:
['scrapy.spidermiddlewares.httperror.HttpErrorMiddleware',
 'scrapy.spidermiddlewares.offsite.OffsiteMiddleware',
 'scrapy.spidermiddlewares.referer.RefererMiddleware',
 'scrapy.spidermiddlewares.urllength.UrlLengthMiddleware',
 'scrapy.spidermiddlewares.depth.DepthMiddleware']
2024-01-09 17:12:24 [scrapy.middleware] INFO: Enabled item pipelines:
[]
2024-01-09 17:12:24 [scrapy.core.engine] INFO: Spider opened
2024-01-09 17:12:24 [scrapy.extensions.logstats] INFO: Crawled 0 pages (at 0 pages/min), scraped 0 items (at 0 items/min)
2024-01-09 17:12:24 [scrapy.extensions.telnet] INFO: Telnet console listening on 127.0.0.1:6023
2024-01-09 17:12:24 [scrapy.downloadermiddlewares.retry] ERROR: Gave up retrying <GET https://www.gaokao.cn/robots.txt> (failed 3 times): 500 Internal Server Error
2024-01-09 17:12:24 [scrapy.core.scraper] ERROR: Spider error processing <GET https://www.gaokao.cn/school/search> (referer: None)
Traceback (most recent call last):
  File "/Users/weiyang/Desktop/project/python_scrapy/venv/lib/python3.9/site-packages/scrapy/utils/defer.py", line 279, in iter_errback
    yield next(it)
  File "/Users/weiyang/Desktop/project/python_scrapy/venv/lib/python3.9/site-packages/scrapy/utils/python.py", line 350, in __next__
    return next(self.data)
  File "/Users/weiyang/Desktop/project/python_scrapy/venv/lib/python3.9/site-packages/scrapy/utils/python.py", line 350, in __next__
    return next(self.data)
  File "/Users/weiyang/Desktop/project/python_scrapy/venv/lib/python3.9/site-packages/scrapy/core/spidermw.py", line 106, in process_sync
    for r in iterable:
  File "/Users/weiyang/Desktop/project/python_scrapy/venv/lib/python3.9/site-packages/scrapy/spidermiddlewares/offsite.py", line 28, in <genexpr>
    return (r for r in result or () if self._filter(r, spider))
  File "/Users/weiyang/Desktop/project/python_scrapy/venv/lib/python3.9/site-packages/scrapy/core/spidermw.py", line 106, in process_sync
    for r in iterable:
  File "/Users/weiyang/Desktop/project/python_scrapy/venv/lib/python3.9/site-packages/scrapy/spidermiddlewares/referer.py", line 352, in <genexpr>
    return (self._set_referer(r, response) for r in result or ())
  File "/Users/weiyang/Desktop/project/python_scrapy/venv/lib/python3.9/site-packages/scrapy/core/spidermw.py", line 106, in process_sync
    for r in iterable:
  File "/Users/weiyang/Desktop/project/python_scrapy/venv/lib/python3.9/site-packages/scrapy/spidermiddlewares/urllength.py", line 27, in <genexpr>
    return (r for r in result or () if self._filter(r, spider))
  File "/Users/weiyang/Desktop/project/python_scrapy/venv/lib/python3.9/site-packages/scrapy/core/spidermw.py", line 106, in process_sync
    for r in iterable:
  File "/Users/weiyang/Desktop/project/python_scrapy/venv/lib/python3.9/site-packages/scrapy/spidermiddlewares/depth.py", line 31, in <genexpr>
    return (r for r in result or () if self._filter(r, response, spider))
  File "/Users/weiyang/Desktop/project/python_scrapy/venv/lib/python3.9/site-packages/scrapy/core/spidermw.py", line 106, in process_sync
    for r in iterable:
  File "/Users/weiyang/Desktop/project/python_scrapy/python_scrapy/spiders/school_name.py", line 13, in parse
    yield scrapy.FormRequest.from_response(
  File "/Users/weiyang/Desktop/project/python_scrapy/venv/lib/python3.9/site-packages/scrapy/http/request/form.py", line 76, in from_response
    form = _get_form(response, formname, formid, formnumber, formxpath)
  File "/Users/weiyang/Desktop/project/python_scrapy/venv/lib/python3.9/site-packages/scrapy/http/request/form.py", line 119, in _get_form
    raise ValueError(f"No <form> element found in {response}")
ValueError: No <form> element found in <200 https://www.gaokao.cn/school/search>
2024-01-09 17:12:24 [scrapy.core.engine] INFO: Closing spider (finished)
2024-01-09 17:12:24 [scrapy.extensions.feedexport] INFO: Stored json feed (0 items) in: output.json
2024-01-09 17:12:24 [scrapy.extensions.feedexport] INFO: Stored json feed (0 items) in: guangdong_schools.json
2024-01-09 17:12:24 [scrapy.statscollectors] INFO: Dumping Scrapy stats:
{'downloader/request_bytes': 899,
 'downloader/request_count': 4,
 'downloader/request_method_count/GET': 4,
 'downloader/response_bytes': 12621,
 'downloader/response_count': 4,
 'downloader/response_status_count/200': 1,
 'downloader/response_status_count/500': 3,
 'elapsed_time_seconds': 0.932154,
 'feedexport/success_count/FileFeedStorage': 2,
 'finish_reason': 'finished',
 'finish_time': datetime.datetime(2024, 1, 9, 9, 12, 24, 995349, tzinfo=datetime.timezone.utc),
 'httpcompression/response_bytes': 29592,
 'httpcompression/response_count': 1,
 'log_count/ERROR': 2,
 'log_count/INFO': 12,
 'log_count/WARNING': 2,
 'memusage/max': 52224000,
 'memusage/startup': 52224000,
 'response_received_count': 2,
 'retry/count': 2,
 'retry/max_reached': 1,
 'retry/reason_count/500 Internal Server Error': 2,
 'robotstxt/request_count': 1,
 'robotstxt/response_count': 1,
 'robotstxt/response_status_count/500': 1,
 'scheduler/dequeued': 1,
 'scheduler/dequeued/memory': 1,
 'scheduler/enqueued': 1,
 'scheduler/enqueued/memory': 1,
 'spider_exceptions/ValueError': 1,
 'start_time': datetime.datetime(2024, 1, 9, 9, 12, 24, 63195, tzinfo=datetime.timezone.utc)}
2024-01-09 17:12:24 [scrapy.core.engine] INFO: Spider closed (finished)
2024-01-09 17:25:29 [scrapy.utils.log] INFO: Scrapy 2.11.0 started (bot: python_scrapy)
2024-01-09 17:25:29 [scrapy.utils.log] INFO: Versions: lxml 5.0.1.0, libxml2 2.12.3, cssselect 1.2.0, parsel 1.8.1, w3lib 2.1.2, Twisted 22.10.0, Python 3.9.6 (default, May  7 2023, 23:32:45) - [Clang 14.0.3 (clang-1403.0.22.14.1)], pyOpenSSL 23.3.0 (OpenSSL 3.1.4 24 Oct 2023), cryptography 41.0.7, Platform macOS-13.0-x86_64-i386-64bit
2024-01-09 17:25:29 [scrapy.addons] INFO: Enabled addons:
[]
2024-01-09 17:25:29 [scrapy.extensions.telnet] INFO: Telnet Password: 81c6a747d84c4307
2024-01-09 17:25:29 [py.warnings] WARNING: /Users/weiyang/Desktop/project/python_scrapy/venv/lib/python3.9/site-packages/scrapy/extensions/feedexport.py:406: ScrapyDeprecationWarning: The `FEED_URI` and `FEED_FORMAT` settings have been deprecated in favor of the `FEEDS` setting. Please see the `FEEDS` setting docs for more details
  exporter = cls(crawler)

2024-01-09 17:25:29 [scrapy.middleware] INFO: Enabled extensions:
['scrapy.extensions.corestats.CoreStats',
 'scrapy.extensions.telnet.TelnetConsole',
 'scrapy.extensions.memusage.MemoryUsage',
 'scrapy.extensions.feedexport.FeedExporter',
 'scrapy.extensions.logstats.LogStats']
2024-01-09 17:25:29 [scrapy.crawler] INFO: Overridden settings:
{'BOT_NAME': 'python_scrapy',
 'FEED_EXPORT_ENCODING': 'utf-8',
 'LOG_FILE': 'scrapy.log',
 'LOG_LEVEL': 'INFO',
 'NEWSPIDER_MODULE': 'python_scrapy.spiders',
 'REQUEST_FINGERPRINTER_IMPLEMENTATION': '2.7',
 'ROBOTSTXT_OBEY': True,
 'SPIDER_MODULES': ['python_scrapy.spiders'],
 'TWISTED_REACTOR': 'twisted.internet.asyncioreactor.AsyncioSelectorReactor'}
2024-01-09 17:25:29 [py.warnings] WARNING: /Users/weiyang/Desktop/project/python_scrapy/venv/lib/python3.9/site-packages/urllib3/__init__.py:34: NotOpenSSLWarning: urllib3 v2 only supports OpenSSL 1.1.1+, currently the 'ssl' module is compiled with 'LibreSSL 2.8.3'. See: https://github.com/urllib3/urllib3/issues/3020
  warnings.warn(

2024-01-09 17:25:29 [scrapy.middleware] INFO: Enabled downloader middlewares:
['scrapy.downloadermiddlewares.robotstxt.RobotsTxtMiddleware',
 'scrapy.downloadermiddlewares.httpauth.HttpAuthMiddleware',
 'scrapy.downloadermiddlewares.downloadtimeout.DownloadTimeoutMiddleware',
 'scrapy.downloadermiddlewares.defaultheaders.DefaultHeadersMiddleware',
 'scrapy.downloadermiddlewares.useragent.UserAgentMiddleware',
 'scrapy.downloadermiddlewares.retry.RetryMiddleware',
 'scrapy.downloadermiddlewares.redirect.MetaRefreshMiddleware',
 'scrapy.downloadermiddlewares.httpcompression.HttpCompressionMiddleware',
 'scrapy.downloadermiddlewares.redirect.RedirectMiddleware',
 'scrapy.downloadermiddlewares.cookies.CookiesMiddleware',
 'scrapy.downloadermiddlewares.httpproxy.HttpProxyMiddleware',
 'scrapy.downloadermiddlewares.stats.DownloaderStats']
2024-01-09 17:25:29 [scrapy.middleware] INFO: Enabled spider middlewares:
['scrapy.spidermiddlewares.httperror.HttpErrorMiddleware',
 'scrapy.spidermiddlewares.offsite.OffsiteMiddleware',
 'scrapy.spidermiddlewares.referer.RefererMiddleware',
 'scrapy.spidermiddlewares.urllength.UrlLengthMiddleware',
 'scrapy.spidermiddlewares.depth.DepthMiddleware']
2024-01-09 17:25:29 [scrapy.middleware] INFO: Enabled item pipelines:
[]
2024-01-09 17:25:29 [scrapy.core.engine] INFO: Spider opened
2024-01-09 17:25:29 [scrapy.extensions.logstats] INFO: Crawled 0 pages (at 0 pages/min), scraped 0 items (at 0 items/min)
2024-01-09 17:25:29 [scrapy.extensions.telnet] INFO: Telnet console listening on 127.0.0.1:6023
2024-01-09 17:25:30 [scrapy.downloadermiddlewares.retry] ERROR: Gave up retrying <GET https://www.gaokao.cn/robots.txt> (failed 3 times): 500 Internal Server Error
2024-01-09 17:25:30 [scrapy.core.scraper] ERROR: Spider error processing <GET https://www.gaokao.cn/school/search> (referer: None)
Traceback (most recent call last):
  File "/Users/weiyang/Desktop/project/python_scrapy/venv/lib/python3.9/site-packages/scrapy/utils/defer.py", line 279, in iter_errback
    yield next(it)
  File "/Users/weiyang/Desktop/project/python_scrapy/venv/lib/python3.9/site-packages/scrapy/utils/python.py", line 350, in __next__
    return next(self.data)
  File "/Users/weiyang/Desktop/project/python_scrapy/venv/lib/python3.9/site-packages/scrapy/utils/python.py", line 350, in __next__
    return next(self.data)
  File "/Users/weiyang/Desktop/project/python_scrapy/venv/lib/python3.9/site-packages/scrapy/core/spidermw.py", line 106, in process_sync
    for r in iterable:
  File "/Users/weiyang/Desktop/project/python_scrapy/venv/lib/python3.9/site-packages/scrapy/spidermiddlewares/offsite.py", line 28, in <genexpr>
    return (r for r in result or () if self._filter(r, spider))
  File "/Users/weiyang/Desktop/project/python_scrapy/venv/lib/python3.9/site-packages/scrapy/core/spidermw.py", line 106, in process_sync
    for r in iterable:
  File "/Users/weiyang/Desktop/project/python_scrapy/venv/lib/python3.9/site-packages/scrapy/spidermiddlewares/referer.py", line 352, in <genexpr>
    return (self._set_referer(r, response) for r in result or ())
  File "/Users/weiyang/Desktop/project/python_scrapy/venv/lib/python3.9/site-packages/scrapy/core/spidermw.py", line 106, in process_sync
    for r in iterable:
  File "/Users/weiyang/Desktop/project/python_scrapy/venv/lib/python3.9/site-packages/scrapy/spidermiddlewares/urllength.py", line 27, in <genexpr>
    return (r for r in result or () if self._filter(r, spider))
  File "/Users/weiyang/Desktop/project/python_scrapy/venv/lib/python3.9/site-packages/scrapy/core/spidermw.py", line 106, in process_sync
    for r in iterable:
  File "/Users/weiyang/Desktop/project/python_scrapy/venv/lib/python3.9/site-packages/scrapy/spidermiddlewares/depth.py", line 31, in <genexpr>
    return (r for r in result or () if self._filter(r, response, spider))
  File "/Users/weiyang/Desktop/project/python_scrapy/venv/lib/python3.9/site-packages/scrapy/core/spidermw.py", line 106, in process_sync
    for r in iterable:
  File "/Users/weiyang/Desktop/project/python_scrapy/python_scrapy/spiders/school_name.py", line 13, in parse
    yield scrapy.FormRequest.from_response(
  File "/Users/weiyang/Desktop/project/python_scrapy/venv/lib/python3.9/site-packages/scrapy/http/request/form.py", line 76, in from_response
    form = _get_form(response, formname, formid, formnumber, formxpath)
  File "/Users/weiyang/Desktop/project/python_scrapy/venv/lib/python3.9/site-packages/scrapy/http/request/form.py", line 119, in _get_form
    raise ValueError(f"No <form> element found in {response}")
ValueError: No <form> element found in <200 https://www.gaokao.cn/school/search>
2024-01-09 17:25:30 [scrapy.core.engine] INFO: Closing spider (finished)
2024-01-09 17:25:30 [scrapy.extensions.feedexport] INFO: Stored json feed (0 items) in: output.json
2024-01-09 17:25:30 [scrapy.extensions.feedexport] INFO: Stored json feed (0 items) in: guangdong_schools.json
2024-01-09 17:25:30 [scrapy.statscollectors] INFO: Dumping Scrapy stats:
{'downloader/request_bytes': 899,
 'downloader/request_count': 4,
 'downloader/request_method_count/GET': 4,
 'downloader/response_bytes': 12621,
 'downloader/response_count': 4,
 'downloader/response_status_count/200': 1,
 'downloader/response_status_count/500': 3,
 'elapsed_time_seconds': 1.000011,
 'feedexport/success_count/FileFeedStorage': 2,
 'finish_reason': 'finished',
 'finish_time': datetime.datetime(2024, 1, 9, 9, 25, 30, 640247, tzinfo=datetime.timezone.utc),
 'httpcompression/response_bytes': 29592,
 'httpcompression/response_count': 1,
 'log_count/ERROR': 2,
 'log_count/INFO': 12,
 'log_count/WARNING': 2,
 'memusage/max': 52232192,
 'memusage/startup': 52232192,
 'response_received_count': 2,
 'retry/count': 2,
 'retry/max_reached': 1,
 'retry/reason_count/500 Internal Server Error': 2,
 'robotstxt/request_count': 1,
 'robotstxt/response_count': 1,
 'robotstxt/response_status_count/500': 1,
 'scheduler/dequeued': 1,
 'scheduler/dequeued/memory': 1,
 'scheduler/enqueued': 1,
 'scheduler/enqueued/memory': 1,
 'spider_exceptions/ValueError': 1,
 'start_time': datetime.datetime(2024, 1, 9, 9, 25, 29, 640236, tzinfo=datetime.timezone.utc)}
2024-01-09 17:25:30 [scrapy.core.engine] INFO: Spider closed (finished)
2024-01-09 17:27:40 [scrapy.utils.log] INFO: Scrapy 2.11.0 started (bot: python_scrapy)
2024-01-09 17:27:40 [scrapy.utils.log] INFO: Versions: lxml 5.0.1.0, libxml2 2.12.3, cssselect 1.2.0, parsel 1.8.1, w3lib 2.1.2, Twisted 22.10.0, Python 3.9.6 (default, May  7 2023, 23:32:45) - [Clang 14.0.3 (clang-1403.0.22.14.1)], pyOpenSSL 23.3.0 (OpenSSL 3.1.4 24 Oct 2023), cryptography 41.0.7, Platform macOS-13.0-x86_64-i386-64bit
2024-01-09 17:27:40 [scrapy.addons] INFO: Enabled addons:
[]
2024-01-09 17:27:40 [scrapy.extensions.telnet] INFO: Telnet Password: 33f4516831e06e6a
2024-01-09 17:27:40 [py.warnings] WARNING: /Users/weiyang/Desktop/project/python_scrapy/venv/lib/python3.9/site-packages/scrapy/extensions/feedexport.py:406: ScrapyDeprecationWarning: The `FEED_URI` and `FEED_FORMAT` settings have been deprecated in favor of the `FEEDS` setting. Please see the `FEEDS` setting docs for more details
  exporter = cls(crawler)

2024-01-09 17:27:40 [scrapy.middleware] INFO: Enabled extensions:
['scrapy.extensions.corestats.CoreStats',
 'scrapy.extensions.telnet.TelnetConsole',
 'scrapy.extensions.memusage.MemoryUsage',
 'scrapy.extensions.feedexport.FeedExporter',
 'scrapy.extensions.logstats.LogStats']
2024-01-09 17:27:40 [scrapy.crawler] INFO: Overridden settings:
{'BOT_NAME': 'python_scrapy',
 'FEED_EXPORT_ENCODING': 'utf-8',
 'LOG_FILE': 'scrapy.log',
 'LOG_LEVEL': 'INFO',
 'NEWSPIDER_MODULE': 'python_scrapy.spiders',
 'REQUEST_FINGERPRINTER_IMPLEMENTATION': '2.7',
 'ROBOTSTXT_OBEY': True,
 'SPIDER_MODULES': ['python_scrapy.spiders'],
 'TWISTED_REACTOR': 'twisted.internet.asyncioreactor.AsyncioSelectorReactor'}
2024-01-09 17:27:40 [py.warnings] WARNING: /Users/weiyang/Desktop/project/python_scrapy/venv/lib/python3.9/site-packages/urllib3/__init__.py:34: NotOpenSSLWarning: urllib3 v2 only supports OpenSSL 1.1.1+, currently the 'ssl' module is compiled with 'LibreSSL 2.8.3'. See: https://github.com/urllib3/urllib3/issues/3020
  warnings.warn(

2024-01-09 17:27:40 [scrapy.middleware] INFO: Enabled downloader middlewares:
['scrapy.downloadermiddlewares.robotstxt.RobotsTxtMiddleware',
 'scrapy.downloadermiddlewares.httpauth.HttpAuthMiddleware',
 'scrapy.downloadermiddlewares.downloadtimeout.DownloadTimeoutMiddleware',
 'scrapy.downloadermiddlewares.defaultheaders.DefaultHeadersMiddleware',
 'scrapy.downloadermiddlewares.useragent.UserAgentMiddleware',
 'scrapy.downloadermiddlewares.retry.RetryMiddleware',
 'scrapy.downloadermiddlewares.redirect.MetaRefreshMiddleware',
 'scrapy.downloadermiddlewares.httpcompression.HttpCompressionMiddleware',
 'scrapy.downloadermiddlewares.redirect.RedirectMiddleware',
 'scrapy.downloadermiddlewares.cookies.CookiesMiddleware',
 'scrapy.downloadermiddlewares.httpproxy.HttpProxyMiddleware',
 'scrapy.downloadermiddlewares.stats.DownloaderStats']
2024-01-09 17:27:40 [scrapy.middleware] INFO: Enabled spider middlewares:
['scrapy.spidermiddlewares.httperror.HttpErrorMiddleware',
 'scrapy.spidermiddlewares.offsite.OffsiteMiddleware',
 'scrapy.spidermiddlewares.referer.RefererMiddleware',
 'scrapy.spidermiddlewares.urllength.UrlLengthMiddleware',
 'scrapy.spidermiddlewares.depth.DepthMiddleware']
2024-01-09 17:27:40 [scrapy.middleware] INFO: Enabled item pipelines:
[]
2024-01-09 17:27:40 [scrapy.core.engine] INFO: Spider opened
2024-01-09 17:27:40 [scrapy.extensions.logstats] INFO: Crawled 0 pages (at 0 pages/min), scraped 0 items (at 0 items/min)
2024-01-09 17:27:40 [scrapy.extensions.telnet] INFO: Telnet console listening on 127.0.0.1:6023
2024-01-09 17:27:41 [scrapy.downloadermiddlewares.retry] ERROR: Gave up retrying <GET https://www.gaokao.cn/robots.txt> (failed 3 times): 500 Internal Server Error
2024-01-09 17:27:41 [scrapy.core.scraper] ERROR: Spider error processing <GET https://www.gaokao.cn/school/search> (referer: None)
Traceback (most recent call last):
  File "/Users/weiyang/Desktop/project/python_scrapy/venv/lib/python3.9/site-packages/scrapy/utils/defer.py", line 279, in iter_errback
    yield next(it)
  File "/Users/weiyang/Desktop/project/python_scrapy/venv/lib/python3.9/site-packages/scrapy/utils/python.py", line 350, in __next__
    return next(self.data)
  File "/Users/weiyang/Desktop/project/python_scrapy/venv/lib/python3.9/site-packages/scrapy/utils/python.py", line 350, in __next__
    return next(self.data)
  File "/Users/weiyang/Desktop/project/python_scrapy/venv/lib/python3.9/site-packages/scrapy/core/spidermw.py", line 106, in process_sync
    for r in iterable:
  File "/Users/weiyang/Desktop/project/python_scrapy/venv/lib/python3.9/site-packages/scrapy/spidermiddlewares/offsite.py", line 28, in <genexpr>
    return (r for r in result or () if self._filter(r, spider))
  File "/Users/weiyang/Desktop/project/python_scrapy/venv/lib/python3.9/site-packages/scrapy/core/spidermw.py", line 106, in process_sync
    for r in iterable:
  File "/Users/weiyang/Desktop/project/python_scrapy/venv/lib/python3.9/site-packages/scrapy/spidermiddlewares/referer.py", line 352, in <genexpr>
    return (self._set_referer(r, response) for r in result or ())
  File "/Users/weiyang/Desktop/project/python_scrapy/venv/lib/python3.9/site-packages/scrapy/core/spidermw.py", line 106, in process_sync
    for r in iterable:
  File "/Users/weiyang/Desktop/project/python_scrapy/venv/lib/python3.9/site-packages/scrapy/spidermiddlewares/urllength.py", line 27, in <genexpr>
    return (r for r in result or () if self._filter(r, spider))
  File "/Users/weiyang/Desktop/project/python_scrapy/venv/lib/python3.9/site-packages/scrapy/core/spidermw.py", line 106, in process_sync
    for r in iterable:
  File "/Users/weiyang/Desktop/project/python_scrapy/venv/lib/python3.9/site-packages/scrapy/spidermiddlewares/depth.py", line 31, in <genexpr>
    return (r for r in result or () if self._filter(r, response, spider))
  File "/Users/weiyang/Desktop/project/python_scrapy/venv/lib/python3.9/site-packages/scrapy/core/spidermw.py", line 106, in process_sync
    for r in iterable:
  File "/Users/weiyang/Desktop/project/python_scrapy/python_scrapy/spiders/school_name.py", line 13, in parse
    yield scrapy.FormRequest.from_response(
  File "/Users/weiyang/Desktop/project/python_scrapy/venv/lib/python3.9/site-packages/scrapy/http/request/form.py", line 76, in from_response
    form = _get_form(response, formname, formid, formnumber, formxpath)
  File "/Users/weiyang/Desktop/project/python_scrapy/venv/lib/python3.9/site-packages/scrapy/http/request/form.py", line 119, in _get_form
    raise ValueError(f"No <form> element found in {response}")
ValueError: No <form> element found in <200 https://www.gaokao.cn/school/search>
2024-01-09 17:27:42 [scrapy.core.engine] INFO: Closing spider (finished)
2024-01-09 17:27:42 [scrapy.extensions.feedexport] INFO: Stored json feed (0 items) in: output.json
2024-01-09 17:27:42 [scrapy.extensions.feedexport] INFO: Stored json feed (0 items) in: guangdong_schools.json
2024-01-09 17:27:42 [scrapy.statscollectors] INFO: Dumping Scrapy stats:
{'downloader/request_bytes': 899,
 'downloader/request_count': 4,
 'downloader/request_method_count/GET': 4,
 'downloader/response_bytes': 12621,
 'downloader/response_count': 4,
 'downloader/response_status_count/200': 1,
 'downloader/response_status_count/500': 3,
 'elapsed_time_seconds': 1.254653,
 'feedexport/success_count/FileFeedStorage': 2,
 'finish_reason': 'finished',
 'finish_time': datetime.datetime(2024, 1, 9, 9, 27, 42, 82762, tzinfo=datetime.timezone.utc),
 'httpcompression/response_bytes': 29592,
 'httpcompression/response_count': 1,
 'log_count/ERROR': 2,
 'log_count/INFO': 12,
 'log_count/WARNING': 2,
 'memusage/max': 52277248,
 'memusage/startup': 52277248,
 'response_received_count': 2,
 'retry/count': 2,
 'retry/max_reached': 1,
 'retry/reason_count/500 Internal Server Error': 2,
 'robotstxt/request_count': 1,
 'robotstxt/response_count': 1,
 'robotstxt/response_status_count/500': 1,
 'scheduler/dequeued': 1,
 'scheduler/dequeued/memory': 1,
 'scheduler/enqueued': 1,
 'scheduler/enqueued/memory': 1,
 'spider_exceptions/ValueError': 1,
 'start_time': datetime.datetime(2024, 1, 9, 9, 27, 40, 828109, tzinfo=datetime.timezone.utc)}
2024-01-09 17:27:42 [scrapy.core.engine] INFO: Spider closed (finished)
2024-01-09 17:28:09 [scrapy.utils.log] INFO: Scrapy 2.11.0 started (bot: python_scrapy)
2024-01-09 17:28:09 [scrapy.utils.log] INFO: Versions: lxml 5.0.1.0, libxml2 2.12.3, cssselect 1.2.0, parsel 1.8.1, w3lib 2.1.2, Twisted 22.10.0, Python 3.9.6 (default, May  7 2023, 23:32:45) - [Clang 14.0.3 (clang-1403.0.22.14.1)], pyOpenSSL 23.3.0 (OpenSSL 3.1.4 24 Oct 2023), cryptography 41.0.7, Platform macOS-13.0-x86_64-i386-64bit
2024-01-09 17:28:09 [scrapy.addons] INFO: Enabled addons:
[]
2024-01-09 17:28:09 [scrapy.extensions.telnet] INFO: Telnet Password: ded3d96fde136738
2024-01-09 17:28:09 [py.warnings] WARNING: /Users/weiyang/Desktop/project/python_scrapy/venv/lib/python3.9/site-packages/scrapy/extensions/feedexport.py:406: ScrapyDeprecationWarning: The `FEED_URI` and `FEED_FORMAT` settings have been deprecated in favor of the `FEEDS` setting. Please see the `FEEDS` setting docs for more details
  exporter = cls(crawler)

2024-01-09 17:28:09 [scrapy.middleware] INFO: Enabled extensions:
['scrapy.extensions.corestats.CoreStats',
 'scrapy.extensions.telnet.TelnetConsole',
 'scrapy.extensions.memusage.MemoryUsage',
 'scrapy.extensions.feedexport.FeedExporter',
 'scrapy.extensions.logstats.LogStats']
2024-01-09 17:28:09 [scrapy.crawler] INFO: Overridden settings:
{'BOT_NAME': 'python_scrapy',
 'FEED_EXPORT_ENCODING': 'utf-8',
 'LOG_FILE': 'scrapy.log',
 'LOG_LEVEL': 'INFO',
 'NEWSPIDER_MODULE': 'python_scrapy.spiders',
 'REQUEST_FINGERPRINTER_IMPLEMENTATION': '2.7',
 'ROBOTSTXT_OBEY': True,
 'SPIDER_MODULES': ['python_scrapy.spiders'],
 'TWISTED_REACTOR': 'twisted.internet.asyncioreactor.AsyncioSelectorReactor'}
2024-01-09 17:28:09 [py.warnings] WARNING: /Users/weiyang/Desktop/project/python_scrapy/venv/lib/python3.9/site-packages/urllib3/__init__.py:34: NotOpenSSLWarning: urllib3 v2 only supports OpenSSL 1.1.1+, currently the 'ssl' module is compiled with 'LibreSSL 2.8.3'. See: https://github.com/urllib3/urllib3/issues/3020
  warnings.warn(

2024-01-09 17:28:09 [scrapy.middleware] INFO: Enabled downloader middlewares:
['scrapy.downloadermiddlewares.robotstxt.RobotsTxtMiddleware',
 'scrapy.downloadermiddlewares.httpauth.HttpAuthMiddleware',
 'scrapy.downloadermiddlewares.downloadtimeout.DownloadTimeoutMiddleware',
 'scrapy.downloadermiddlewares.defaultheaders.DefaultHeadersMiddleware',
 'scrapy.downloadermiddlewares.useragent.UserAgentMiddleware',
 'scrapy.downloadermiddlewares.retry.RetryMiddleware',
 'scrapy.downloadermiddlewares.redirect.MetaRefreshMiddleware',
 'scrapy.downloadermiddlewares.httpcompression.HttpCompressionMiddleware',
 'scrapy.downloadermiddlewares.redirect.RedirectMiddleware',
 'scrapy.downloadermiddlewares.cookies.CookiesMiddleware',
 'scrapy.downloadermiddlewares.httpproxy.HttpProxyMiddleware',
 'scrapy.downloadermiddlewares.stats.DownloaderStats']
2024-01-09 17:28:09 [scrapy.middleware] INFO: Enabled spider middlewares:
['scrapy.spidermiddlewares.httperror.HttpErrorMiddleware',
 'scrapy.spidermiddlewares.offsite.OffsiteMiddleware',
 'scrapy.spidermiddlewares.referer.RefererMiddleware',
 'scrapy.spidermiddlewares.urllength.UrlLengthMiddleware',
 'scrapy.spidermiddlewares.depth.DepthMiddleware']
2024-01-09 17:28:09 [scrapy.middleware] INFO: Enabled item pipelines:
[]
2024-01-09 17:28:09 [scrapy.core.engine] INFO: Spider opened
2024-01-09 17:28:09 [scrapy.extensions.logstats] INFO: Crawled 0 pages (at 0 pages/min), scraped 0 items (at 0 items/min)
2024-01-09 17:28:09 [scrapy.extensions.telnet] INFO: Telnet console listening on 127.0.0.1:6023
2024-01-09 17:28:10 [scrapy.downloadermiddlewares.retry] ERROR: Gave up retrying <GET https://www.gaokao.cn/robots.txt> (failed 3 times): 500 Internal Server Error
2024-01-09 17:28:10 [scrapy.core.scraper] ERROR: Spider error processing <GET https://www.gaokao.cn/school/search> (referer: None)
Traceback (most recent call last):
  File "/Users/weiyang/Desktop/project/python_scrapy/venv/lib/python3.9/site-packages/scrapy/utils/defer.py", line 279, in iter_errback
    yield next(it)
  File "/Users/weiyang/Desktop/project/python_scrapy/venv/lib/python3.9/site-packages/scrapy/utils/python.py", line 350, in __next__
    return next(self.data)
  File "/Users/weiyang/Desktop/project/python_scrapy/venv/lib/python3.9/site-packages/scrapy/utils/python.py", line 350, in __next__
    return next(self.data)
  File "/Users/weiyang/Desktop/project/python_scrapy/venv/lib/python3.9/site-packages/scrapy/core/spidermw.py", line 106, in process_sync
    for r in iterable:
  File "/Users/weiyang/Desktop/project/python_scrapy/venv/lib/python3.9/site-packages/scrapy/spidermiddlewares/offsite.py", line 28, in <genexpr>
    return (r for r in result or () if self._filter(r, spider))
  File "/Users/weiyang/Desktop/project/python_scrapy/venv/lib/python3.9/site-packages/scrapy/core/spidermw.py", line 106, in process_sync
    for r in iterable:
  File "/Users/weiyang/Desktop/project/python_scrapy/venv/lib/python3.9/site-packages/scrapy/spidermiddlewares/referer.py", line 352, in <genexpr>
    return (self._set_referer(r, response) for r in result or ())
  File "/Users/weiyang/Desktop/project/python_scrapy/venv/lib/python3.9/site-packages/scrapy/core/spidermw.py", line 106, in process_sync
    for r in iterable:
  File "/Users/weiyang/Desktop/project/python_scrapy/venv/lib/python3.9/site-packages/scrapy/spidermiddlewares/urllength.py", line 27, in <genexpr>
    return (r for r in result or () if self._filter(r, spider))
  File "/Users/weiyang/Desktop/project/python_scrapy/venv/lib/python3.9/site-packages/scrapy/core/spidermw.py", line 106, in process_sync
    for r in iterable:
  File "/Users/weiyang/Desktop/project/python_scrapy/venv/lib/python3.9/site-packages/scrapy/spidermiddlewares/depth.py", line 31, in <genexpr>
    return (r for r in result or () if self._filter(r, response, spider))
  File "/Users/weiyang/Desktop/project/python_scrapy/venv/lib/python3.9/site-packages/scrapy/core/spidermw.py", line 106, in process_sync
    for r in iterable:
  File "/Users/weiyang/Desktop/project/python_scrapy/python_scrapy/spiders/school_name.py", line 13, in parse
    yield scrapy.FormRequest.from_response(
  File "/Users/weiyang/Desktop/project/python_scrapy/venv/lib/python3.9/site-packages/scrapy/http/request/form.py", line 76, in from_response
    form = _get_form(response, formname, formid, formnumber, formxpath)
  File "/Users/weiyang/Desktop/project/python_scrapy/venv/lib/python3.9/site-packages/scrapy/http/request/form.py", line 119, in _get_form
    raise ValueError(f"No <form> element found in {response}")
ValueError: No <form> element found in <200 https://www.gaokao.cn/school/search>
2024-01-09 17:28:10 [scrapy.core.engine] INFO: Closing spider (finished)
2024-01-09 17:28:10 [scrapy.extensions.feedexport] INFO: Stored json feed (0 items) in: output.json
2024-01-09 17:28:10 [scrapy.extensions.feedexport] INFO: Stored json feed (0 items) in: guangdong_schools.json
2024-01-09 17:28:10 [scrapy.statscollectors] INFO: Dumping Scrapy stats:
{'downloader/request_bytes': 899,
 'downloader/request_count': 4,
 'downloader/request_method_count/GET': 4,
 'downloader/response_bytes': 12621,
 'downloader/response_count': 4,
 'downloader/response_status_count/200': 1,
 'downloader/response_status_count/500': 3,
 'elapsed_time_seconds': 0.883519,
 'feedexport/success_count/FileFeedStorage': 2,
 'finish_reason': 'finished',
 'finish_time': datetime.datetime(2024, 1, 9, 9, 28, 10, 576412, tzinfo=datetime.timezone.utc),
 'httpcompression/response_bytes': 29592,
 'httpcompression/response_count': 1,
 'log_count/ERROR': 2,
 'log_count/INFO': 12,
 'log_count/WARNING': 2,
 'memusage/max': 52244480,
 'memusage/startup': 52244480,
 'response_received_count': 2,
 'retry/count': 2,
 'retry/max_reached': 1,
 'retry/reason_count/500 Internal Server Error': 2,
 'robotstxt/request_count': 1,
 'robotstxt/response_count': 1,
 'robotstxt/response_status_count/500': 1,
 'scheduler/dequeued': 1,
 'scheduler/dequeued/memory': 1,
 'scheduler/enqueued': 1,
 'scheduler/enqueued/memory': 1,
 'spider_exceptions/ValueError': 1,
 'start_time': datetime.datetime(2024, 1, 9, 9, 28, 9, 692893, tzinfo=datetime.timezone.utc)}
2024-01-09 17:28:10 [scrapy.core.engine] INFO: Spider closed (finished)
