2024-03-24 14:50:51 [scrapy.utils.log] INFO: Scrapy 2.11.0 started (bot: python_scrapy)
2024-03-24 14:50:51 [scrapy.utils.log] INFO: Versions: lxml 5.0.1.0, libxml2 2.12.3, cssselect 1.2.0, parsel 1.8.1, w3lib 2.1.2, Twisted 22.10.0, Python 3.9.6 (default, May  7 2023, 23:32:45) - [Clang 14.0.3 (clang-1403.0.22.14.1)], pyOpenSSL 23.3.0 (OpenSSL 3.1.4 24 Oct 2023), cryptography 41.0.7, Platform macOS-13.6.3-x86_64-i386-64bit
2024-03-24 14:50:51 [scrapy.addons] INFO: Enabled addons:
[]
2024-03-24 14:50:51 [scrapy.extensions.telnet] INFO: Telnet Password: fb89d23eb00fde0d
2024-03-24 14:50:51 [py.warnings] WARNING: /Users/weiyang/Desktop/project/python_scrapy/venv/lib/python3.9/site-packages/scrapy/extensions/feedexport.py:406: ScrapyDeprecationWarning: The `FEED_URI` and `FEED_FORMAT` settings have been deprecated in favor of the `FEEDS` setting. Please see the `FEEDS` setting docs for more details
  exporter = cls(crawler)

2024-03-24 14:50:51 [scrapy.middleware] INFO: Enabled extensions:
['scrapy.extensions.corestats.CoreStats',
 'scrapy.extensions.telnet.TelnetConsole',
 'scrapy.extensions.memusage.MemoryUsage',
 'scrapy.extensions.feedexport.FeedExporter',
 'scrapy.extensions.logstats.LogStats']
2024-03-24 14:50:51 [scrapy.crawler] INFO: Overridden settings:
{'BOT_NAME': 'python_scrapy',
 'DUPEFILTER_CLASS': 'scrapy_splash.SplashAwareDupeFilter',
 'FEED_EXPORT_ENCODING': 'utf-8',
 'LOG_FILE': 'scrapy.log',
 'LOG_LEVEL': 'INFO',
 'NEWSPIDER_MODULE': 'python_scrapy.spiders',
 'REQUEST_FINGERPRINTER_IMPLEMENTATION': '2.7',
 'ROBOTSTXT_OBEY': True,
 'SPIDER_MODULES': ['python_scrapy.spiders'],
 'TWISTED_REACTOR': 'twisted.internet.asyncioreactor.AsyncioSelectorReactor'}
2024-03-24 14:50:51 [py.warnings] WARNING: /Users/weiyang/Desktop/project/python_scrapy/venv/lib/python3.9/site-packages/urllib3/__init__.py:34: NotOpenSSLWarning: urllib3 v2 only supports OpenSSL 1.1.1+, currently the 'ssl' module is compiled with 'LibreSSL 2.8.3'. See: https://github.com/urllib3/urllib3/issues/3020
  warnings.warn(

2024-03-24 14:50:51 [scrapy.middleware] INFO: Enabled downloader middlewares:
['scrapy.downloadermiddlewares.robotstxt.RobotsTxtMiddleware',
 'scrapy.downloadermiddlewares.httpauth.HttpAuthMiddleware',
 'scrapy.downloadermiddlewares.downloadtimeout.DownloadTimeoutMiddleware',
 'scrapy.downloadermiddlewares.defaultheaders.DefaultHeadersMiddleware',
 'scrapy.downloadermiddlewares.useragent.UserAgentMiddleware',
 'scrapy.downloadermiddlewares.retry.RetryMiddleware',
 'scrapy.downloadermiddlewares.redirect.MetaRefreshMiddleware',
 'scrapy.downloadermiddlewares.redirect.RedirectMiddleware',
 'scrapy.downloadermiddlewares.cookies.CookiesMiddleware',
 'scrapy_splash.SplashCookiesMiddleware',
 'scrapy_splash.SplashMiddleware',
 'scrapy.downloadermiddlewares.httpproxy.HttpProxyMiddleware',
 'scrapy.downloadermiddlewares.httpcompression.HttpCompressionMiddleware',
 'scrapy.downloadermiddlewares.stats.DownloaderStats']
2024-03-24 14:50:51 [scrapy.middleware] INFO: Enabled spider middlewares:
['scrapy.spidermiddlewares.httperror.HttpErrorMiddleware',
 'scrapy_splash.SplashDeduplicateArgsMiddleware',
 'scrapy.spidermiddlewares.offsite.OffsiteMiddleware',
 'scrapy.spidermiddlewares.referer.RefererMiddleware',
 'scrapy.spidermiddlewares.urllength.UrlLengthMiddleware',
 'scrapy.spidermiddlewares.depth.DepthMiddleware']
2024-03-24 14:50:51 [scrapy.middleware] INFO: Enabled item pipelines:
[]
2024-03-24 14:50:51 [scrapy.core.engine] INFO: Spider opened
2024-03-24 14:50:51 [scrapy.extensions.logstats] INFO: Crawled 0 pages (at 0 pages/min), scraped 0 items (at 0 items/min)
2024-03-24 14:50:51 [scrapy.extensions.telnet] INFO: Telnet console listening on 127.0.0.1:6023
2024-03-24 14:50:52 [py.warnings] WARNING: /Users/weiyang/Desktop/project/python_scrapy/venv/lib/python3.9/site-packages/scrapy_splash/dupefilter.py:20: ScrapyDeprecationWarning: Call to deprecated function scrapy.utils.request.request_fingerprint().

If you are using this function in a Scrapy component, and you are OK with users of your component changing the fingerprinting algorithm through settings, use crawler.request_fingerprinter.fingerprint() instead in your Scrapy component (you can get the crawler object from the 'from_crawler' class method).

Otherwise, consider using the scrapy.utils.request.fingerprint() function instead.

Either way, the resulting fingerprints will be returned as bytes, not as a string, and they will also be different from those generated by 'request_fingerprint()'. Before you switch, make sure that you understand the consequences of this (e.g. cache invalidation) and are OK with them; otherwise, consider implementing your own function which returns the same fingerprints as the deprecated 'request_fingerprint()' function.
  fp = request_fingerprint(request, include_headers=include_headers)

2024-03-24 14:50:52 [py.warnings] WARNING: /Users/weiyang/Desktop/project/python_scrapy/venv/lib/python3.9/site-packages/scrapy_splash/dupefilter.py:20: ScrapyDeprecationWarning: Call to deprecated function scrapy.utils.request.request_fingerprint().

If you are using this function in a Scrapy component, and you are OK with users of your component changing the fingerprinting algorithm through settings, use crawler.request_fingerprinter.fingerprint() instead in your Scrapy component (you can get the crawler object from the 'from_crawler' class method).

Otherwise, consider using the scrapy.utils.request.fingerprint() function instead.

Either way, the resulting fingerprints will be returned as bytes, not as a string, and they will also be different from those generated by 'request_fingerprint()'. Before you switch, make sure that you understand the consequences of this (e.g. cache invalidation) and are OK with them; otherwise, consider implementing your own function which returns the same fingerprints as the deprecated 'request_fingerprint()' function.
  fp = request_fingerprint(request, include_headers=include_headers)

2024-03-24 14:50:52 [scrapy.core.engine] INFO: Closing spider (finished)
2024-03-24 14:50:52 [scrapy.extensions.feedexport] INFO: Stored json feed (15 items) in: output.json
2024-03-24 14:50:52 [scrapy.statscollectors] INFO: Dumping Scrapy stats:
{'downloader/request_bytes': 1180,
 'downloader/request_count': 5,
 'downloader/request_method_count/GET': 5,
 'downloader/response_bytes': 27327,
 'downloader/response_count': 5,
 'downloader/response_status_count/200': 3,
 'downloader/response_status_count/404': 2,
 'elapsed_time_seconds': 0.96243,
 'feedexport/success_count/FileFeedStorage': 1,
 'finish_reason': 'finished',
 'finish_time': datetime.datetime(2024, 3, 24, 6, 50, 52, 939298, tzinfo=datetime.timezone.utc),
 'httpcompression/response_bytes': 115537,
 'httpcompression/response_count': 3,
 'item_scraped_count': 15,
 'log_count/INFO': 11,
 'log_count/WARNING': 4,
 'memusage/max': 52498432,
 'memusage/startup': 52498432,
 'request_depth_max': 2,
 'response_received_count': 5,
 'robotstxt/request_count': 2,
 'robotstxt/response_count': 2,
 'robotstxt/response_status_count/404': 2,
 'scheduler/dequeued': 3,
 'scheduler/dequeued/memory': 3,
 'scheduler/enqueued': 3,
 'scheduler/enqueued/memory': 3,
 'start_time': datetime.datetime(2024, 3, 24, 6, 50, 51, 976868, tzinfo=datetime.timezone.utc)}
2024-03-24 14:50:52 [scrapy.core.engine] INFO: Spider closed (finished)
2024-03-24 14:51:53 [scrapy.utils.log] INFO: Scrapy 2.11.0 started (bot: python_scrapy)
2024-03-24 14:51:53 [scrapy.utils.log] INFO: Versions: lxml 5.0.1.0, libxml2 2.12.3, cssselect 1.2.0, parsel 1.8.1, w3lib 2.1.2, Twisted 22.10.0, Python 3.9.6 (default, May  7 2023, 23:32:45) - [Clang 14.0.3 (clang-1403.0.22.14.1)], pyOpenSSL 23.3.0 (OpenSSL 3.1.4 24 Oct 2023), cryptography 41.0.7, Platform macOS-13.6.3-x86_64-i386-64bit
2024-03-24 14:51:53 [scrapy.addons] INFO: Enabled addons:
[]
2024-03-24 14:51:53 [scrapy.extensions.telnet] INFO: Telnet Password: 532c6b6f2432d196
2024-03-24 14:51:53 [py.warnings] WARNING: /Users/weiyang/Desktop/project/python_scrapy/venv/lib/python3.9/site-packages/scrapy/extensions/feedexport.py:406: ScrapyDeprecationWarning: The `FEED_URI` and `FEED_FORMAT` settings have been deprecated in favor of the `FEEDS` setting. Please see the `FEEDS` setting docs for more details
  exporter = cls(crawler)

2024-03-24 14:51:53 [scrapy.middleware] INFO: Enabled extensions:
['scrapy.extensions.corestats.CoreStats',
 'scrapy.extensions.telnet.TelnetConsole',
 'scrapy.extensions.memusage.MemoryUsage',
 'scrapy.extensions.feedexport.FeedExporter',
 'scrapy.extensions.logstats.LogStats']
2024-03-24 14:51:53 [scrapy.crawler] INFO: Overridden settings:
{'BOT_NAME': 'python_scrapy',
 'DUPEFILTER_CLASS': 'scrapy_splash.SplashAwareDupeFilter',
 'FEED_EXPORT_ENCODING': 'utf-8',
 'LOG_FILE': 'scrapy.log',
 'LOG_LEVEL': 'INFO',
 'NEWSPIDER_MODULE': 'python_scrapy.spiders',
 'REQUEST_FINGERPRINTER_IMPLEMENTATION': '2.7',
 'ROBOTSTXT_OBEY': True,
 'SPIDER_MODULES': ['python_scrapy.spiders'],
 'TWISTED_REACTOR': 'twisted.internet.asyncioreactor.AsyncioSelectorReactor'}
2024-03-24 14:51:53 [py.warnings] WARNING: /Users/weiyang/Desktop/project/python_scrapy/venv/lib/python3.9/site-packages/urllib3/__init__.py:34: NotOpenSSLWarning: urllib3 v2 only supports OpenSSL 1.1.1+, currently the 'ssl' module is compiled with 'LibreSSL 2.8.3'. See: https://github.com/urllib3/urllib3/issues/3020
  warnings.warn(

2024-03-24 14:51:53 [scrapy.middleware] INFO: Enabled downloader middlewares:
['scrapy.downloadermiddlewares.robotstxt.RobotsTxtMiddleware',
 'scrapy.downloadermiddlewares.httpauth.HttpAuthMiddleware',
 'scrapy.downloadermiddlewares.downloadtimeout.DownloadTimeoutMiddleware',
 'scrapy.downloadermiddlewares.defaultheaders.DefaultHeadersMiddleware',
 'scrapy.downloadermiddlewares.useragent.UserAgentMiddleware',
 'scrapy.downloadermiddlewares.retry.RetryMiddleware',
 'scrapy.downloadermiddlewares.redirect.MetaRefreshMiddleware',
 'scrapy.downloadermiddlewares.redirect.RedirectMiddleware',
 'scrapy.downloadermiddlewares.cookies.CookiesMiddleware',
 'scrapy_splash.SplashCookiesMiddleware',
 'scrapy_splash.SplashMiddleware',
 'scrapy.downloadermiddlewares.httpproxy.HttpProxyMiddleware',
 'scrapy.downloadermiddlewares.httpcompression.HttpCompressionMiddleware',
 'scrapy.downloadermiddlewares.stats.DownloaderStats']
2024-03-24 14:51:53 [scrapy.middleware] INFO: Enabled spider middlewares:
['scrapy.spidermiddlewares.httperror.HttpErrorMiddleware',
 'scrapy_splash.SplashDeduplicateArgsMiddleware',
 'scrapy.spidermiddlewares.offsite.OffsiteMiddleware',
 'scrapy.spidermiddlewares.referer.RefererMiddleware',
 'scrapy.spidermiddlewares.urllength.UrlLengthMiddleware',
 'scrapy.spidermiddlewares.depth.DepthMiddleware']
2024-03-24 14:51:53 [scrapy.middleware] INFO: Enabled item pipelines:
[]
2024-03-24 14:51:53 [scrapy.core.engine] INFO: Spider opened
2024-03-24 14:51:53 [scrapy.extensions.logstats] INFO: Crawled 0 pages (at 0 pages/min), scraped 0 items (at 0 items/min)
2024-03-24 14:51:53 [scrapy.extensions.telnet] INFO: Telnet console listening on 127.0.0.1:6023
2024-03-24 14:51:54 [py.warnings] WARNING: /Users/weiyang/Desktop/project/python_scrapy/venv/lib/python3.9/site-packages/scrapy_splash/dupefilter.py:20: ScrapyDeprecationWarning: Call to deprecated function scrapy.utils.request.request_fingerprint().

If you are using this function in a Scrapy component, and you are OK with users of your component changing the fingerprinting algorithm through settings, use crawler.request_fingerprinter.fingerprint() instead in your Scrapy component (you can get the crawler object from the 'from_crawler' class method).

Otherwise, consider using the scrapy.utils.request.fingerprint() function instead.

Either way, the resulting fingerprints will be returned as bytes, not as a string, and they will also be different from those generated by 'request_fingerprint()'. Before you switch, make sure that you understand the consequences of this (e.g. cache invalidation) and are OK with them; otherwise, consider implementing your own function which returns the same fingerprints as the deprecated 'request_fingerprint()' function.
  fp = request_fingerprint(request, include_headers=include_headers)

2024-03-24 14:51:54 [py.warnings] WARNING: /Users/weiyang/Desktop/project/python_scrapy/venv/lib/python3.9/site-packages/scrapy_splash/dupefilter.py:20: ScrapyDeprecationWarning: Call to deprecated function scrapy.utils.request.request_fingerprint().

If you are using this function in a Scrapy component, and you are OK with users of your component changing the fingerprinting algorithm through settings, use crawler.request_fingerprinter.fingerprint() instead in your Scrapy component (you can get the crawler object from the 'from_crawler' class method).

Otherwise, consider using the scrapy.utils.request.fingerprint() function instead.

Either way, the resulting fingerprints will be returned as bytes, not as a string, and they will also be different from those generated by 'request_fingerprint()'. Before you switch, make sure that you understand the consequences of this (e.g. cache invalidation) and are OK with them; otherwise, consider implementing your own function which returns the same fingerprints as the deprecated 'request_fingerprint()' function.
  fp = request_fingerprint(request, include_headers=include_headers)

2024-03-24 14:51:54 [scrapy.core.engine] INFO: Closing spider (finished)
2024-03-24 14:51:54 [scrapy.extensions.feedexport] INFO: Stored json feed (15 items) in: output.json
2024-03-24 14:51:54 [scrapy.statscollectors] INFO: Dumping Scrapy stats:
{'downloader/request_bytes': 1180,
 'downloader/request_count': 5,
 'downloader/request_method_count/GET': 5,
 'downloader/response_bytes': 27327,
 'downloader/response_count': 5,
 'downloader/response_status_count/200': 3,
 'downloader/response_status_count/404': 2,
 'elapsed_time_seconds': 1.015439,
 'feedexport/success_count/FileFeedStorage': 1,
 'finish_reason': 'finished',
 'finish_time': datetime.datetime(2024, 3, 24, 6, 51, 54, 949887, tzinfo=datetime.timezone.utc),
 'httpcompression/response_bytes': 115537,
 'httpcompression/response_count': 3,
 'item_scraped_count': 15,
 'log_count/INFO': 11,
 'log_count/WARNING': 4,
 'memusage/max': 52469760,
 'memusage/startup': 52469760,
 'request_depth_max': 2,
 'response_received_count': 5,
 'robotstxt/request_count': 2,
 'robotstxt/response_count': 2,
 'robotstxt/response_status_count/404': 2,
 'scheduler/dequeued': 3,
 'scheduler/dequeued/memory': 3,
 'scheduler/enqueued': 3,
 'scheduler/enqueued/memory': 3,
 'start_time': datetime.datetime(2024, 3, 24, 6, 51, 53, 934448, tzinfo=datetime.timezone.utc)}
2024-03-24 14:51:54 [scrapy.core.engine] INFO: Spider closed (finished)
2024-03-25 11:20:23 [scrapy.utils.log] INFO: Scrapy 2.11.0 started (bot: python_scrapy)
2024-03-25 11:20:23 [scrapy.utils.log] INFO: Versions: lxml 5.0.1.0, libxml2 2.12.3, cssselect 1.2.0, parsel 1.8.1, w3lib 2.1.2, Twisted 22.10.0, Python 3.9.6 (default, May  7 2023, 23:32:45) - [Clang 14.0.3 (clang-1403.0.22.14.1)], pyOpenSSL 23.3.0 (OpenSSL 3.1.4 24 Oct 2023), cryptography 41.0.7, Platform macOS-13.6.3-x86_64-i386-64bit
2024-03-25 11:20:23 [scrapy.addons] INFO: Enabled addons:
[]
2024-03-25 11:20:23 [scrapy.extensions.telnet] INFO: Telnet Password: 9fb464bdf85f525c
2024-03-25 11:20:24 [py.warnings] WARNING: /Users/weiyang/Desktop/project/python_scrapy/venv/lib/python3.9/site-packages/scrapy/extensions/feedexport.py:406: ScrapyDeprecationWarning: The `FEED_URI` and `FEED_FORMAT` settings have been deprecated in favor of the `FEEDS` setting. Please see the `FEEDS` setting docs for more details
  exporter = cls(crawler)

2024-03-25 11:20:24 [scrapy.middleware] INFO: Enabled extensions:
['scrapy.extensions.corestats.CoreStats',
 'scrapy.extensions.telnet.TelnetConsole',
 'scrapy.extensions.memusage.MemoryUsage',
 'scrapy.extensions.feedexport.FeedExporter',
 'scrapy.extensions.logstats.LogStats']
2024-03-25 11:20:24 [scrapy.crawler] INFO: Overridden settings:
{'BOT_NAME': 'python_scrapy',
 'DOWNLOAD_DELAY': 2,
 'DUPEFILTER_CLASS': 'scrapy_splash.SplashAwareDupeFilter',
 'FEED_EXPORT_ENCODING': 'utf-8',
 'LOG_FILE': 'scrapy.log',
 'LOG_LEVEL': 'INFO',
 'NEWSPIDER_MODULE': 'python_scrapy.spiders',
 'REQUEST_FINGERPRINTER_IMPLEMENTATION': '2.7',
 'ROBOTSTXT_OBEY': True,
 'SPIDER_MODULES': ['python_scrapy.spiders'],
 'TWISTED_REACTOR': 'twisted.internet.asyncioreactor.AsyncioSelectorReactor'}
2024-03-25 11:20:24 [py.warnings] WARNING: /Users/weiyang/Desktop/project/python_scrapy/venv/lib/python3.9/site-packages/urllib3/__init__.py:34: NotOpenSSLWarning: urllib3 v2 only supports OpenSSL 1.1.1+, currently the 'ssl' module is compiled with 'LibreSSL 2.8.3'. See: https://github.com/urllib3/urllib3/issues/3020
  warnings.warn(

2024-03-25 11:20:24 [scrapy.middleware] INFO: Enabled downloader middlewares:
['scrapy.downloadermiddlewares.robotstxt.RobotsTxtMiddleware',
 'scrapy.downloadermiddlewares.httpauth.HttpAuthMiddleware',
 'scrapy.downloadermiddlewares.downloadtimeout.DownloadTimeoutMiddleware',
 'scrapy.downloadermiddlewares.defaultheaders.DefaultHeadersMiddleware',
 'scrapy.downloadermiddlewares.useragent.UserAgentMiddleware',
 'scrapy.downloadermiddlewares.retry.RetryMiddleware',
 'scrapy.downloadermiddlewares.redirect.MetaRefreshMiddleware',
 'scrapy.downloadermiddlewares.redirect.RedirectMiddleware',
 'scrapy.downloadermiddlewares.cookies.CookiesMiddleware',
 'scrapy_splash.SplashCookiesMiddleware',
 'scrapy_splash.SplashMiddleware',
 'scrapy.downloadermiddlewares.httpproxy.HttpProxyMiddleware',
 'scrapy.downloadermiddlewares.httpcompression.HttpCompressionMiddleware',
 'scrapy.downloadermiddlewares.stats.DownloaderStats']
2024-03-25 11:20:24 [scrapy.middleware] INFO: Enabled spider middlewares:
['scrapy.spidermiddlewares.httperror.HttpErrorMiddleware',
 'scrapy_splash.SplashDeduplicateArgsMiddleware',
 'scrapy.spidermiddlewares.offsite.OffsiteMiddleware',
 'scrapy.spidermiddlewares.referer.RefererMiddleware',
 'scrapy.spidermiddlewares.urllength.UrlLengthMiddleware',
 'scrapy.spidermiddlewares.depth.DepthMiddleware']
2024-03-25 11:20:24 [scrapy.middleware] INFO: Enabled item pipelines:
[]
2024-03-25 11:20:24 [scrapy.core.engine] INFO: Spider opened
2024-03-25 11:20:24 [scrapy.extensions.logstats] INFO: Crawled 0 pages (at 0 pages/min), scraped 0 items (at 0 items/min)
2024-03-25 11:20:24 [scrapy.extensions.telnet] INFO: Telnet console listening on 127.0.0.1:6023
2024-03-25 11:20:27 [py.warnings] WARNING: /Users/weiyang/Desktop/project/python_scrapy/venv/lib/python3.9/site-packages/scrapy_splash/dupefilter.py:20: ScrapyDeprecationWarning: Call to deprecated function scrapy.utils.request.request_fingerprint().

If you are using this function in a Scrapy component, and you are OK with users of your component changing the fingerprinting algorithm through settings, use crawler.request_fingerprinter.fingerprint() instead in your Scrapy component (you can get the crawler object from the 'from_crawler' class method).

Otherwise, consider using the scrapy.utils.request.fingerprint() function instead.

Either way, the resulting fingerprints will be returned as bytes, not as a string, and they will also be different from those generated by 'request_fingerprint()'. Before you switch, make sure that you understand the consequences of this (e.g. cache invalidation) and are OK with them; otherwise, consider implementing your own function which returns the same fingerprints as the deprecated 'request_fingerprint()' function.
  fp = request_fingerprint(request, include_headers=include_headers)

2024-03-25 11:20:29 [py.warnings] WARNING: /Users/weiyang/Desktop/project/python_scrapy/venv/lib/python3.9/site-packages/scrapy_splash/dupefilter.py:20: ScrapyDeprecationWarning: Call to deprecated function scrapy.utils.request.request_fingerprint().

If you are using this function in a Scrapy component, and you are OK with users of your component changing the fingerprinting algorithm through settings, use crawler.request_fingerprinter.fingerprint() instead in your Scrapy component (you can get the crawler object from the 'from_crawler' class method).

Otherwise, consider using the scrapy.utils.request.fingerprint() function instead.

Either way, the resulting fingerprints will be returned as bytes, not as a string, and they will also be different from those generated by 'request_fingerprint()'. Before you switch, make sure that you understand the consequences of this (e.g. cache invalidation) and are OK with them; otherwise, consider implementing your own function which returns the same fingerprints as the deprecated 'request_fingerprint()' function.
  fp = request_fingerprint(request, include_headers=include_headers)

2024-03-25 11:20:31 [gdhsc_spider] INFO: 当前页面 https://zs.gdhsc.edu.cn/zsyw.htm 包含的所有的url: ['https://mp.weixin.qq.com/s/KLRxz-6XM4P35-VOk4jYBg', 'https://www.gdhsc.edu.cn/info/1022/11191.htm', 'https://mp.weixin.qq.com/s/yADQIGVZOUJ-ECS2_6C2kA', 'https://mp.weixin.qq.com/s/D0NEJKZlESGRRAWSi2zHkA', 'https://mp.weixin.qq.com/s/2Eyk_alt_zxvANDLh-sy4A', 'https://mp.weixin.qq.com/s/ufIrKqVQZCHIK5_0jlrVZA', 'info/1023/1523.htm', 'https://mp.weixin.qq.com/s/9e3dCm2e6uj6s9FYajqqWw', 'info/1023/1501.htm', 'https://mp.weixin.qq.com/s/C_8fw98_qGwXrXzn5BF0hQ', 'https://mp.weixin.qq.com/s/UcQ4NRvzV-Rvt7V0RqzV4A', 'https://mp.weixin.qq.com/s/UXKLej3Qk5jxdCRMpgduTA', 'https://mp.weixin.qq.com/s/MzIMRaYD4l4MkiijbMEGcQ', 'https://mp.weixin.qq.com/s/3WWU89DDt6-n1QI8N4cfog', 'https://mp.weixin.qq.com/s/a2coOxt441GgxpiSC3WXEA']
2024-03-25 11:20:31 [py.warnings] WARNING: /Users/weiyang/Desktop/project/python_scrapy/venv/lib/python3.9/site-packages/scrapy_splash/dupefilter.py:20: ScrapyDeprecationWarning: Call to deprecated function scrapy.utils.request.request_fingerprint().

If you are using this function in a Scrapy component, and you are OK with users of your component changing the fingerprinting algorithm through settings, use crawler.request_fingerprinter.fingerprint() instead in your Scrapy component (you can get the crawler object from the 'from_crawler' class method).

Otherwise, consider using the scrapy.utils.request.fingerprint() function instead.

Either way, the resulting fingerprints will be returned as bytes, not as a string, and they will also be different from those generated by 'request_fingerprint()'. Before you switch, make sure that you understand the consequences of this (e.g. cache invalidation) and are OK with them; otherwise, consider implementing your own function which returns the same fingerprints as the deprecated 'request_fingerprint()' function.
  fp = request_fingerprint(request, include_headers=include_headers)

2024-03-25 11:20:31 [gdhsc_spider] INFO: 下一页的链接：zsyw/8.htm
2024-03-25 11:20:32 [scrapy.core.scraper] ERROR: Spider error processing <GET https://www.gdhsc.edu.cn/info/1022/11191.htm> (referer: https://zs.gdhsc.edu.cn/zsyw.htm)
Traceback (most recent call last):
  File "/Users/weiyang/Desktop/project/python_scrapy/venv/lib/python3.9/site-packages/scrapy/utils/defer.py", line 279, in iter_errback
    yield next(it)
  File "/Users/weiyang/Desktop/project/python_scrapy/venv/lib/python3.9/site-packages/scrapy/utils/python.py", line 350, in __next__
    return next(self.data)
  File "/Users/weiyang/Desktop/project/python_scrapy/venv/lib/python3.9/site-packages/scrapy/utils/python.py", line 350, in __next__
    return next(self.data)
  File "/Users/weiyang/Desktop/project/python_scrapy/venv/lib/python3.9/site-packages/scrapy/core/spidermw.py", line 106, in process_sync
    for r in iterable:
  File "/Users/weiyang/Desktop/project/python_scrapy/venv/lib/python3.9/site-packages/scrapy_splash/middleware.py", line 162, in process_spider_output
    for el in result:
  File "/Users/weiyang/Desktop/project/python_scrapy/venv/lib/python3.9/site-packages/scrapy/core/spidermw.py", line 106, in process_sync
    for r in iterable:
  File "/Users/weiyang/Desktop/project/python_scrapy/venv/lib/python3.9/site-packages/scrapy/spidermiddlewares/offsite.py", line 28, in <genexpr>
    return (r for r in result or () if self._filter(r, spider))
  File "/Users/weiyang/Desktop/project/python_scrapy/venv/lib/python3.9/site-packages/scrapy/core/spidermw.py", line 106, in process_sync
    for r in iterable:
  File "/Users/weiyang/Desktop/project/python_scrapy/venv/lib/python3.9/site-packages/scrapy/spidermiddlewares/referer.py", line 352, in <genexpr>
    return (self._set_referer(r, response) for r in result or ())
  File "/Users/weiyang/Desktop/project/python_scrapy/venv/lib/python3.9/site-packages/scrapy/core/spidermw.py", line 106, in process_sync
    for r in iterable:
  File "/Users/weiyang/Desktop/project/python_scrapy/venv/lib/python3.9/site-packages/scrapy/spidermiddlewares/urllength.py", line 27, in <genexpr>
    return (r for r in result or () if self._filter(r, spider))
  File "/Users/weiyang/Desktop/project/python_scrapy/venv/lib/python3.9/site-packages/scrapy/core/spidermw.py", line 106, in process_sync
    for r in iterable:
  File "/Users/weiyang/Desktop/project/python_scrapy/venv/lib/python3.9/site-packages/scrapy/spidermiddlewares/depth.py", line 31, in <genexpr>
    return (r for r in result or () if self._filter(r, response, spider))
  File "/Users/weiyang/Desktop/project/python_scrapy/venv/lib/python3.9/site-packages/scrapy/core/spidermw.py", line 106, in process_sync
    for r in iterable:
  File "/Users/weiyang/Desktop/project/python_scrapy/python_scrapy/spiders/gdhsc_spider.py", line 48, in parse_news_content
    title = response.xpath('//h3[@class="l_h3"]/text()').get().strip()
AttributeError: 'NoneType' object has no attribute 'strip'
2024-03-25 11:20:34 [gdhsc_spider] INFO: 当前页面 https://zs.gdhsc.edu.cn/zsyw/8.htm 包含的所有的url: ['https://mp.weixin.qq.com/s/O3a83QGV0BN8giGhB0uOQQ', 'https://mp.weixin.qq.com/s/FqGLwhvI6MrJOAL_9xV8dQ', 'https://mp.weixin.qq.com/s/Qd713TGl7xFlu6PLRCJESw', 'https://mp.weixin.qq.com/s/anfTQCTQv4WOVoAxWIxXzw', 'https://mp.weixin.qq.com/s/_t0807Wu51Q_K0okBfZ0_Q', 'https://mp.weixin.qq.com/s/lRxO-PMuoh6gjDY7D9QS8w', '../info/1023/1519.htm', 'https://mp.weixin.qq.com/s/x_MOD2Ckw87bkkz1TUoHSw', 'https://mp.weixin.qq.com/s/q_GABmT992IJN17I3LCwmw', 'https://mp.weixin.qq.com/s/3h-8GDHWAmrCrXHDKFnXWg', 'https://mp.weixin.qq.com/s/8SnM76XEIRZ_C0n3RpJvZQ', 'https://mp.weixin.qq.com/s/srb3HfZ_k-a5krMene8shA', 'https://eea.gd.gov.cn/ptgk/content/post_4014090.html', 'https://eea.gd.gov.cn/ptgk/content/post_4021664.html', '../info/1023/1474.htm']
2024-03-25 11:20:34 [py.warnings] WARNING: /Users/weiyang/Desktop/project/python_scrapy/venv/lib/python3.9/site-packages/scrapy_splash/dupefilter.py:20: ScrapyDeprecationWarning: Call to deprecated function scrapy.utils.request.request_fingerprint().

If you are using this function in a Scrapy component, and you are OK with users of your component changing the fingerprinting algorithm through settings, use crawler.request_fingerprinter.fingerprint() instead in your Scrapy component (you can get the crawler object from the 'from_crawler' class method).

Otherwise, consider using the scrapy.utils.request.fingerprint() function instead.

Either way, the resulting fingerprints will be returned as bytes, not as a string, and they will also be different from those generated by 'request_fingerprint()'. Before you switch, make sure that you understand the consequences of this (e.g. cache invalidation) and are OK with them; otherwise, consider implementing your own function which returns the same fingerprints as the deprecated 'request_fingerprint()' function.
  fp = request_fingerprint(request, include_headers=include_headers)

2024-03-25 11:20:34 [gdhsc_spider] INFO: 下一页的链接：7.htm
2024-03-25 11:20:41 [gdhsc_spider] INFO: 当前页面 https://zs.gdhsc.edu.cn/zsyw/7.htm 包含的所有的url: ['https://ycpai.ycwb.com/amucsite/template9/#/newsDetail/120138/40872360.html?isShare=true', 'https://www.gzdaily.cn/amucsite/pad/index.html?id=1864051#/detail/1864051?site4&columnID=0', 'https://mp.weixin.qq.com/s/ZQXAakx0NZkarkOzk7brtg', '../info/1023/1291.htm', '../info/1023/1290.htm', '../info/1023/1289.htm', 'https://mp.weixin.qq.com/s/mVIPfV8upIU5GVJ55nPyvA', 'https://mp.weixin.qq.com/s/jZuxiGSH8Lo6KJPHqzYxag', 'https://mp.weixin.qq.com/s/V69r5qvuwPmebTW-M5PK7w', 'https://mp.weixin.qq.com/s/qXR5XRpZ33pqp1vAqNd8zw', 'https://mp.weixin.qq.com/s/bheJ4L32eDFLTAIIeNFS3w', 'https://mp.weixin.qq.com/s/xqIgxJc56CIsSVKZGwPXuQ', 'https://mp.weixin.qq.com/s/th5ci70CMJ9enjzJH651pA', '../info/1023/1272.htm', '../info/1023/1321.htm']
2024-03-25 11:20:41 [py.warnings] WARNING: /Users/weiyang/Desktop/project/python_scrapy/venv/lib/python3.9/site-packages/scrapy_splash/dupefilter.py:20: ScrapyDeprecationWarning: Call to deprecated function scrapy.utils.request.request_fingerprint().

If you are using this function in a Scrapy component, and you are OK with users of your component changing the fingerprinting algorithm through settings, use crawler.request_fingerprinter.fingerprint() instead in your Scrapy component (you can get the crawler object from the 'from_crawler' class method).

Otherwise, consider using the scrapy.utils.request.fingerprint() function instead.

Either way, the resulting fingerprints will be returned as bytes, not as a string, and they will also be different from those generated by 'request_fingerprint()'. Before you switch, make sure that you understand the consequences of this (e.g. cache invalidation) and are OK with them; otherwise, consider implementing your own function which returns the same fingerprints as the deprecated 'request_fingerprint()' function.
  fp = request_fingerprint(request, include_headers=include_headers)

2024-03-25 11:20:41 [gdhsc_spider] INFO: 下一页的链接：6.htm
2024-03-25 11:20:49 [gdhsc_spider] INFO: 当前页面 https://zs.gdhsc.edu.cn/zsyw/6.htm 包含的所有的url: ['../info/1023/1273.htm', '../info/1023/1270.htm', '../info/1023/1269.htm', '../info/1023/1280.htm', '../info/1023/1268.htm', '../info/1023/1279.htm', '../info/1023/1267.htm', '../info/1023/1278.htm', '../info/1023/1266.htm', '../info/1023/1265.htm', '../info/1023/1264.htm', '../info/1023/1263.htm', '../info/1023/1262.htm', '../info/1023/1313.htm', '../info/1023/1261.htm']
2024-03-25 11:20:49 [py.warnings] WARNING: /Users/weiyang/Desktop/project/python_scrapy/venv/lib/python3.9/site-packages/scrapy_splash/dupefilter.py:20: ScrapyDeprecationWarning: Call to deprecated function scrapy.utils.request.request_fingerprint().

If you are using this function in a Scrapy component, and you are OK with users of your component changing the fingerprinting algorithm through settings, use crawler.request_fingerprinter.fingerprint() instead in your Scrapy component (you can get the crawler object from the 'from_crawler' class method).

Otherwise, consider using the scrapy.utils.request.fingerprint() function instead.

Either way, the resulting fingerprints will be returned as bytes, not as a string, and they will also be different from those generated by 'request_fingerprint()'. Before you switch, make sure that you understand the consequences of this (e.g. cache invalidation) and are OK with them; otherwise, consider implementing your own function which returns the same fingerprints as the deprecated 'request_fingerprint()' function.
  fp = request_fingerprint(request, include_headers=include_headers)

2024-03-25 11:20:49 [gdhsc_spider] INFO: 下一页的链接：5.htm
2024-03-25 11:21:18 [gdhsc_spider] INFO: 当前页面 https://zs.gdhsc.edu.cn/zsyw/5.htm 包含的所有的url: ['../info/1023/1314.htm', '../info/1023/1260.htm', '../info/1023/1315.htm', 'https://mp.weixin.qq.com/s/J8NN7q5Q4wKgXikdFlJ46Q', '../info/1023/1259.htm', '../info/1023/1276.htm', '../info/1023/1275.htm', '../info/1023/1274.htm', '../info/1023/1271.htm', 'http://zs.gdhsc.edu.cn/dfiles/zsjz/bk2018/', '../info/1023/1258.htm', '../info/1023/1308.htm', '../info/1023/1307.htm', '../info/1023/1306.htm', '../info/1023/1305.htm']
2024-03-25 11:21:18 [py.warnings] WARNING: /Users/weiyang/Desktop/project/python_scrapy/venv/lib/python3.9/site-packages/scrapy_splash/dupefilter.py:20: ScrapyDeprecationWarning: Call to deprecated function scrapy.utils.request.request_fingerprint().

If you are using this function in a Scrapy component, and you are OK with users of your component changing the fingerprinting algorithm through settings, use crawler.request_fingerprinter.fingerprint() instead in your Scrapy component (you can get the crawler object from the 'from_crawler' class method).

Otherwise, consider using the scrapy.utils.request.fingerprint() function instead.

Either way, the resulting fingerprints will be returned as bytes, not as a string, and they will also be different from those generated by 'request_fingerprint()'. Before you switch, make sure that you understand the consequences of this (e.g. cache invalidation) and are OK with them; otherwise, consider implementing your own function which returns the same fingerprints as the deprecated 'request_fingerprint()' function.
  fp = request_fingerprint(request, include_headers=include_headers)

2024-03-25 11:21:19 [gdhsc_spider] INFO: 下一页的链接：4.htm
2024-03-25 11:21:24 [scrapy.extensions.logstats] INFO: Crawled 27 pages (at 27 pages/min), scraped 17 items (at 17 items/min)
2024-03-25 11:21:53 [py.warnings] WARNING: /Users/weiyang/Desktop/project/python_scrapy/venv/lib/python3.9/site-packages/scrapy_splash/dupefilter.py:20: ScrapyDeprecationWarning: Call to deprecated function scrapy.utils.request.request_fingerprint().

If you are using this function in a Scrapy component, and you are OK with users of your component changing the fingerprinting algorithm through settings, use crawler.request_fingerprinter.fingerprint() instead in your Scrapy component (you can get the crawler object from the 'from_crawler' class method).

Otherwise, consider using the scrapy.utils.request.fingerprint() function instead.

Either way, the resulting fingerprints will be returned as bytes, not as a string, and they will also be different from those generated by 'request_fingerprint()'. Before you switch, make sure that you understand the consequences of this (e.g. cache invalidation) and are OK with them; otherwise, consider implementing your own function which returns the same fingerprints as the deprecated 'request_fingerprint()' function.
  fp = request_fingerprint(request, include_headers=include_headers)

2024-03-25 11:22:01 [gdhsc_spider] INFO: 当前页面 https://zs.gdhsc.edu.cn/zsyw/4.htm 包含的所有的url: ['../info/1023/1304.htm', '../info/1023/1303.htm', '../info/1023/1302.htm', '../info/1023/1301.htm', '../info/1023/1300.htm', '../info/1023/1299.htm', '../info/1023/1298.htm', '../info/1023/1297.htm', '../info/1023/1296.htm', '../info/1023/1295.htm', '../info/1023/1309.htm', '../info/1023/1310.htm', '../info/1023/1311.htm', '../info/1023/1312.htm', '../info/1023/1316.htm']
2024-03-25 11:22:01 [py.warnings] WARNING: /Users/weiyang/Desktop/project/python_scrapy/venv/lib/python3.9/site-packages/scrapy_splash/dupefilter.py:20: ScrapyDeprecationWarning: Call to deprecated function scrapy.utils.request.request_fingerprint().

If you are using this function in a Scrapy component, and you are OK with users of your component changing the fingerprinting algorithm through settings, use crawler.request_fingerprinter.fingerprint() instead in your Scrapy component (you can get the crawler object from the 'from_crawler' class method).

Otherwise, consider using the scrapy.utils.request.fingerprint() function instead.

Either way, the resulting fingerprints will be returned as bytes, not as a string, and they will also be different from those generated by 'request_fingerprint()'. Before you switch, make sure that you understand the consequences of this (e.g. cache invalidation) and are OK with them; otherwise, consider implementing your own function which returns the same fingerprints as the deprecated 'request_fingerprint()' function.
  fp = request_fingerprint(request, include_headers=include_headers)

2024-03-25 11:22:01 [gdhsc_spider] INFO: 下一页的链接：3.htm
2024-03-25 11:22:19 [scrapy.spidermiddlewares.httperror] INFO: Ignoring response <404 https://zs.gdhsc.edu.cn/dfiles/zsjz/bk2018/>: HTTP status code is not handled or not allowed
2024-03-25 11:22:21 [gdhsc_spider] INFO: 当前页面 https://zs.gdhsc.edu.cn/zsyw/3.htm 包含的所有的url: ['../info/1023/1317.htm', '../info/1023/1318.htm', '../info/1023/1319.htm', '../info/1023/1320.htm', '../info/1023/1322.htm', '../info/1023/1323.htm', '../info/1023/1324.htm', '../info/1023/1325.htm', '../info/1023/1326.htm', '../info/1023/1327.htm', '../info/1023/1328.htm', '../info/1023/1329.htm', '../info/1023/1330.htm', '../info/1023/1331.htm', '../info/1023/1332.htm']
2024-03-25 11:22:21 [py.warnings] WARNING: /Users/weiyang/Desktop/project/python_scrapy/venv/lib/python3.9/site-packages/scrapy_splash/dupefilter.py:20: ScrapyDeprecationWarning: Call to deprecated function scrapy.utils.request.request_fingerprint().

If you are using this function in a Scrapy component, and you are OK with users of your component changing the fingerprinting algorithm through settings, use crawler.request_fingerprinter.fingerprint() instead in your Scrapy component (you can get the crawler object from the 'from_crawler' class method).

Otherwise, consider using the scrapy.utils.request.fingerprint() function instead.

Either way, the resulting fingerprints will be returned as bytes, not as a string, and they will also be different from those generated by 'request_fingerprint()'. Before you switch, make sure that you understand the consequences of this (e.g. cache invalidation) and are OK with them; otherwise, consider implementing your own function which returns the same fingerprints as the deprecated 'request_fingerprint()' function.
  fp = request_fingerprint(request, include_headers=include_headers)

2024-03-25 11:22:21 [gdhsc_spider] INFO: 下一页的链接：2.htm
2024-03-25 11:22:24 [scrapy.extensions.logstats] INFO: Crawled 51 pages (at 24 pages/min), scraped 38 items (at 21 items/min)
2024-03-25 11:23:00 [gdhsc_spider] INFO: 当前页面 https://zs.gdhsc.edu.cn/zsyw/2.htm 包含的所有的url: ['../info/1023/1257.htm', '../info/1023/1256.htm', '../info/1023/1255.htm', '../info/1023/1254.htm', '../info/1023/1253.htm', '../info/1023/1252.htm', '../info/1023/1251.htm', '../info/1023/1250.htm', 'http://zs.gdhsc.edu.cn/dfiles/zsjz/bk2018/', '../info/1023/1247.htm', '../info/1023/1246.htm', '../info/1023/1245.htm', '../info/1023/1244.htm', '../info/1023/1243.htm', '../info/1023/1242.htm']
2024-03-25 11:23:00 [py.warnings] WARNING: /Users/weiyang/Desktop/project/python_scrapy/venv/lib/python3.9/site-packages/scrapy_splash/dupefilter.py:20: ScrapyDeprecationWarning: Call to deprecated function scrapy.utils.request.request_fingerprint().

If you are using this function in a Scrapy component, and you are OK with users of your component changing the fingerprinting algorithm through settings, use crawler.request_fingerprinter.fingerprint() instead in your Scrapy component (you can get the crawler object from the 'from_crawler' class method).

Otherwise, consider using the scrapy.utils.request.fingerprint() function instead.

Either way, the resulting fingerprints will be returned as bytes, not as a string, and they will also be different from those generated by 'request_fingerprint()'. Before you switch, make sure that you understand the consequences of this (e.g. cache invalidation) and are OK with them; otherwise, consider implementing your own function which returns the same fingerprints as the deprecated 'request_fingerprint()' function.
  fp = request_fingerprint(request, include_headers=include_headers)

2024-03-25 11:23:00 [gdhsc_spider] INFO: 下一页的链接：1.htm
2024-03-25 11:23:24 [scrapy.extensions.logstats] INFO: Crawled 75 pages (at 24 pages/min), scraped 61 items (at 23 items/min)
2024-03-25 11:23:40 [gdhsc_spider] INFO: 当前页面 https://zs.gdhsc.edu.cn/zsyw/1.htm 包含的所有的url: ['../info/1023/1241.htm', '../info/1023/1240.htm', '../info/1023/1239.htm', '../info/1023/1238.htm', '../info/1023/1237.htm', '../info/1023/1236.htm', '../info/1023/1235.htm', '../info/1023/1234.htm']
2024-03-25 11:23:40 [py.warnings] WARNING: /Users/weiyang/Desktop/project/python_scrapy/venv/lib/python3.9/site-packages/scrapy_splash/dupefilter.py:20: ScrapyDeprecationWarning: Call to deprecated function scrapy.utils.request.request_fingerprint().

If you are using this function in a Scrapy component, and you are OK with users of your component changing the fingerprinting algorithm through settings, use crawler.request_fingerprinter.fingerprint() instead in your Scrapy component (you can get the crawler object from the 'from_crawler' class method).

Otherwise, consider using the scrapy.utils.request.fingerprint() function instead.

Either way, the resulting fingerprints will be returned as bytes, not as a string, and they will also be different from those generated by 'request_fingerprint()'. Before you switch, make sure that you understand the consequences of this (e.g. cache invalidation) and are OK with them; otherwise, consider implementing your own function which returns the same fingerprints as the deprecated 'request_fingerprint()' function.
  fp = request_fingerprint(request, include_headers=include_headers)

2024-03-25 11:23:40 [gdhsc_spider] INFO: 没有下一页了
2024-03-25 11:24:24 [scrapy.extensions.logstats] INFO: Crawled 102 pages (at 27 pages/min), scraped 87 items (at 26 items/min)
2024-03-25 11:24:29 [scrapy.core.engine] INFO: Closing spider (finished)
2024-03-25 11:24:29 [scrapy.extensions.feedexport] INFO: Stored json feed (89 items) in: output.json
2024-03-25 11:24:29 [scrapy.statscollectors] INFO: Dumping Scrapy stats:
{'downloader/request_bytes': 31042,
 'downloader/request_count': 105,
 'downloader/request_method_count/GET': 105,
 'downloader/response_bytes': 610749,
 'downloader/response_count': 105,
 'downloader/response_status_count/200': 101,
 'downloader/response_status_count/302': 1,
 'downloader/response_status_count/404': 3,
 'dupefilter/filtered': 1,
 'elapsed_time_seconds': 245.100185,
 'feedexport/success_count/FileFeedStorage': 1,
 'finish_reason': 'finished',
 'finish_time': datetime.datetime(2024, 3, 25, 3, 24, 29, 667096, tzinfo=datetime.timezone.utc),
 'httpcompression/response_bytes': 3326813,
 'httpcompression/response_count': 101,
 'httperror/response_ignored_count': 1,
 'httperror/response_ignored_status_count/404': 1,
 'item_scraped_count': 89,
 'log_count/ERROR': 1,
 'log_count/INFO': 34,
 'log_count/WARNING': 14,
 'memusage/max': 67395584,
 'memusage/startup': 52576256,
 'offsite/domains': 4,
 'offsite/filtered': 36,
 'request_depth_max': 11,
 'response_received_count': 104,
 'robotstxt/request_count': 2,
 'robotstxt/response_count': 2,
 'robotstxt/response_status_count/404': 2,
 'scheduler/dequeued': 103,
 'scheduler/dequeued/memory': 103,
 'scheduler/enqueued': 103,
 'scheduler/enqueued/memory': 103,
 'spider_exceptions/AttributeError': 1,
 'start_time': datetime.datetime(2024, 3, 25, 3, 20, 24, 566911, tzinfo=datetime.timezone.utc)}
2024-03-25 11:24:29 [scrapy.core.engine] INFO: Spider closed (finished)
